  src.cpp
c:\users\user\desktop\대학교\2학년\1학기\디지털 신호 처리\과제\피부 영역 검출\190509\src.cpp(29): warning C4996: 'fopen': This function or variable may be unsafe. Consider using fopen_s instead. To disable deprecation, use _CRT_SECURE_NO_WARNINGS. See online help for details.
  c:\program files (x86)\windows kits\10\include\10.0.17134.0\ucrt\stdio.h(208): note: 'fopen' 선언을 참조하십시오.
c:\users\user\desktop\대학교\2학년\1학기\디지털 신호 처리\과제\피부 영역 검출\190509\src.cpp(47): warning C4244: '초기화 중': 'double'에서 'int'(으)로 변환하면서 데이터가 손실될 수 있습니다.
c:\users\user\desktop\대학교\2학년\1학기\디지털 신호 처리\과제\피부 영역 검출\190509\src.cpp(122): warning C4244: '+=': 'double'에서 'int'(으)로 변환하면서 데이터가 손실될 수 있습니다.
c:\users\user\desktop\대학교\2학년\1학기\디지털 신호 처리\과제\피부 영역 검출\190509\src.cpp(145): warning C4244: '+=': 'double'에서 'int'(으)로 변환하면서 데이터가 손실될 수 있습니다.
c:\users\user\desktop\대학교\2학년\1학기\디지털 신호 처리\과제\피부 영역 검출\190509\src.cpp(155): warning C4244: '=': 'double'에서 'BYTE'(으)로 변환하면서 데이터가 손실될 수 있습니다.
c:\users\user\desktop\대학교\2학년\1학기\디지털 신호 처리\과제\피부 영역 검출\190509\src.cpp(319): warning C4244: '=': 'double'에서 'BYTE'(으)로 변환하면서 데이터가 손실될 수 있습니다.
c:\users\user\desktop\대학교\2학년\1학기\디지털 신호 처리\과제\피부 영역 검출\190509\src.cpp(320): warning C4244: '=': 'double'에서 'BYTE'(으)로 변환하면서 데이터가 손실될 수 있습니다.
c:\users\user\desktop\대학교\2학년\1학기\디지털 신호 처리\과제\피부 영역 검출\190509\src.cpp(321): warning C4244: '=': 'double'에서 'BYTE'(으)로 변환하면서 데이터가 손실될 수 있습니다.
c:\users\user\desktop\대학교\2학년\1학기\디지털 신호 처리\과제\피부 영역 검출\190509\src.cpp(328): warning C4244: '=': 'double'에서 'BYTE'(으)로 변환하면서 데이터가 손실될 수 있습니다.
c:\users\user\desktop\대학교\2학년\1학기\디지털 신호 처리\과제\피부 영역 검출\190509\src.cpp(329): warning C4244: '=': 'double'에서 'BYTE'(으)로 변환하면서 데이터가 손실될 수 있습니다.
c:\users\user\desktop\대학교\2학년\1학기\디지털 신호 처리\과제\피부 영역 검출\190509\src.cpp(330): warning C4244: '=': 'double'에서 'BYTE'(으)로 변환하면서 데이터가 손실될 수 있습니다.
c:\users\user\desktop\대학교\2학년\1학기\디지털 신호 처리\과제\피부 영역 검출\190509\src.cpp(337): warning C4244: '=': 'double'에서 'BYTE'(으)로 변환하면서 데이터가 손실될 수 있습니다.
c:\users\user\desktop\대학교\2학년\1학기\디지털 신호 처리\과제\피부 영역 검출\190509\src.cpp(338): warning C4244: '=': 'double'에서 'BYTE'(으)로 변환하면서 데이터가 손실될 수 있습니다.
c:\users\user\desktop\대학교\2학년\1학기\디지털 신호 처리\과제\피부 영역 검출\190509\src.cpp(339): warning C4244: '=': 'double'에서 'BYTE'(으)로 변환하면서 데이터가 손실될 수 있습니다.
c:\users\user\desktop\대학교\2학년\1학기\디지털 신호 처리\과제\피부 영역 검출\190509\src.cpp(348): warning C4244: '=': 'double'에서 'BYTE'(으)로 변환하면서 데이터가 손실될 수 있습니다.
c:\users\user\desktop\대학교\2학년\1학기\디지털 신호 처리\과제\피부 영역 검출\190509\src.cpp(349): warning C4244: '=': 'double'에서 'BYTE'(으)로 변환하면서 데이터가 손실될 수 있습니다.
c:\users\user\desktop\대학교\2학년\1학기\디지털 신호 처리\과제\피부 영역 검출\190509\src.cpp(350): warning C4244: '=': 'double'에서 'BYTE'(으)로 변환하면서 데이터가 손실될 수 있습니다.
c:\users\user\desktop\대학교\2학년\1학기\디지털 신호 처리\과제\피부 영역 검출\190509\src.cpp(359): warning C4244: '=': 'double'에서 'BYTE'(으)로 변환하면서 데이터가 손실될 수 있습니다.
c:\users\user\desktop\대학교\2학년\1학기\디지털 신호 처리\과제\피부 영역 검출\190509\src.cpp(360): warning C4244: '=': 'double'에서 'BYTE'(으)로 변환하면서 데이터가 손실될 수 있습니다.
c:\users\user\desktop\대학교\2학년\1학기\디지털 신호 처리\과제\피부 영역 검출\190509\src.cpp(361): warning C4244: '=': 'double'에서 'BYTE'(으)로 변환하면서 데이터가 손실될 수 있습니다.
c:\users\user\desktop\대학교\2학년\1학기\디지털 신호 처리\과제\피부 영역 검출\190509\src.cpp(370): warning C4244: '=': 'double'에서 'BYTE'(으)로 변환하면서 데이터가 손실될 수 있습니다.
c:\users\user\desktop\대학교\2학년\1학기\디지털 신호 처리\과제\피부 영역 검출\190509\src.cpp(371): warning C4244: '=': 'double'에서 'BYTE'(으)로 변환하면서 데이터가 손실될 수 있습니다.
c:\users\user\desktop\대학교\2학년\1학기\디지털 신호 처리\과제\피부 영역 검출\190509\src.cpp(372): warning C4244: '=': 'double'에서 'BYTE'(으)로 변환하면서 데이터가 손실될 수 있습니다.
c:\users\user\desktop\대학교\2학년\1학기\디지털 신호 처리\과제\피부 영역 검출\190509\src.cpp(379): warning C4302: '형식 캐스트': 'void *'에서 'BYTE'(으)로 잘립니다.
c:\users\user\desktop\대학교\2학년\1학기\디지털 신호 처리\과제\피부 영역 검출\190509\src.cpp(380): warning C4302: '형식 캐스트': 'void *'에서 'BYTE'(으)로 잘립니다.
c:\users\user\desktop\대학교\2학년\1학기\디지털 신호 처리\과제\피부 영역 검출\190509\src.cpp(381): warning C4302: '형식 캐스트': 'void *'에서 'BYTE'(으)로 잘립니다.
c:\users\user\desktop\대학교\2학년\1학기\디지털 신호 처리\과제\피부 영역 검출\190509\src.cpp(430): warning C4244: '=': 'double'에서 'BYTE'(으)로 변환하면서 데이터가 손실될 수 있습니다.
c:\users\user\desktop\대학교\2학년\1학기\디지털 신호 처리\과제\피부 영역 검출\190509\src.cpp(431): warning C4244: '=': 'double'에서 'BYTE'(으)로 변환하면서 데이터가 손실될 수 있습니다.
c:\users\user\desktop\대학교\2학년\1학기\디지털 신호 처리\과제\피부 영역 검출\190509\src.cpp(432): warning C4244: '=': 'double'에서 'BYTE'(으)로 변환하면서 데이터가 손실될 수 있습니다.
c:\users\user\desktop\대학교\2학년\1학기\디지털 신호 처리\과제\피부 영역 검출\190509\src.cpp(532): warning C4996: 'fopen': This function or variable may be unsafe. Consider using fopen_s instead. To disable deprecation, use _CRT_SECURE_NO_WARNINGS. See online help for details.
  c:\program files (x86)\windows kits\10\include\10.0.17134.0\ucrt\stdio.h(208): note: 'fopen' 선언을 참조하십시오.
c:\users\user\desktop\대학교\2학년\1학기\디지털 신호 처리\과제\피부 영역 검출\190509\src.cpp(556): warning C4996: 'fopen': This function or variable may be unsafe. Consider using fopen_s instead. To disable deprecation, use _CRT_SECURE_NO_WARNINGS. See online help for details.
  c:\program files (x86)\windows kits\10\include\10.0.17134.0\ucrt\stdio.h(208): note: 'fopen' 선언을 참조하십시오.
  ImgProc.vcxproj -> C:\Users\USER\Desktop\대학교\2학년\1학기\디지털 신호 처리\과제\피부 영역 검출\190509\Debug\ImgProc.exe
